<?xml version="1.0" encoding="UTF-8"?>
<testsuite name="jass.jass.TestJassCard" tests="2" skipped="0" failures="0" errors="0" timestamp="2019-11-20T23:13:50" hostname="Michaels-MBP-2.fritz.box" time="0.008">
  <properties/>
  <testcase name="testComparingCards" classname="jass.jass.TestJassCard" time="0.0"/>
  <testcase name="testComparingCards" classname="jass.jass.TestJassCard" time="0.0"/>
  <system-out><![CDATA[]]></system-out>
  <system-err><![CDATA[]]></system-err>
</testsuite>
