<?xml version="1.0" encoding="UTF-8"?>
<testsuite name="jass.jass.TestJass" tests="4" skipped="0" failures="0" errors="0" timestamp="2019-11-20T23:13:50" hostname="Michaels-MBP-2.fritz.box" time="0.07">
  <properties/>
  <testcase name="testName" classname="jass.jass.TestJass" time="0.001"/>
  <testcase name="testPlay" classname="jass.jass.TestJass" time="0.054"/>
  <testcase name="testName" classname="jass.jass.TestJass" time="0.0"/>
  <testcase name="testPlay" classname="jass.jass.TestJass" time="0.004"/>
  <system-out><![CDATA[?[32mEllie?[0m chooses mode 0
?[31m Round 1?[0m
?[32mEllie?[0m played ?[34mSchellen ?[35mSechs?[0m to trick.
?[32mMax?[0m played ?[34mSchellen ?[35mUnter?[0m to trick.
?[32mHans?[0m played ?[34mSchellen ?[35mAss?[0m to trick.
?[32mMichael?[0m played ?[34mSchellen ?[35mOber?[0m to trick.
?[34mSchellen ?[35mAss?[0m played by ?[32mHans?[0m wins round.
?[31m Round 2?[0m
?[32mHans?[0m played ?[34mRosen ?[35mUnter?[0m to trick.
?[32mMichael?[0m played ?[34mRosen ?[35mOber?[0m to trick.
?[32mEllie?[0m played ?[34mRosen ?[35mAcht?[0m to trick.
?[32mMax?[0m played ?[34mRosen ?[35mNeun?[0m to trick.
?[34mRosen ?[35mOber?[0m played by ?[32mMichael?[0m wins round.
?[31m Round 3?[0m
?[32mMichael?[0m played ?[34mEichel ?[35mOber?[0m to trick.
?[32mEllie?[0m played ?[34mEichel ?[35mBanner?[0m to trick.
?[32mMax?[0m played ?[34mEichel ?[35mKönig?[0m to trick.
?[32mHans?[0m played ?[34mEichel ?[35mAss?[0m to trick.
?[34mEichel ?[35mAss?[0m played by ?[32mHans?[0m wins round.
?[31m Round 4?[0m
?[32mHans?[0m played ?[34mSchilten ?[35mSechs?[0m to trick.
?[32mMichael?[0m played ?[34mSchilten ?[35mAss?[0m to trick.
?[32mEllie?[0m played ?[34mSchilten ?[35mUnter?[0m to trick.
?[32mMax?[0m played ?[34mSchilten ?[35mAcht?[0m to trick.
?[34mSchilten ?[35mAss?[0m played by ?[32mMichael?[0m wins round.
?[31m Round 5?[0m
?[32mMichael?[0m played ?[34mRosen ?[35mBanner?[0m to trick.
?[32mEllie?[0m played ?[34mRosen ?[35mKönig?[0m to trick.
?[32mMax?[0m played ?[34mRosen ?[35mSieben?[0m to trick.
?[32mHans?[0m played ?[34mSchilten ?[35mKönig?[0m to trick.
?[34mRosen ?[35mKönig?[0m played by ?[32mEllie?[0m wins round.
?[31m Round 6?[0m
?[32mEllie?[0m played ?[34mRosen ?[35mAss?[0m to trick.
?[32mMax?[0m played ?[34mSchilten ?[35mBanner?[0m to trick.
?[32mHans?[0m played ?[34mEichel ?[35mSechs?[0m to trick.
?[32mMichael?[0m played ?[34mEichel ?[35mNeun?[0m to trick.
?[34mRosen ?[35mAss?[0m played by ?[32mEllie?[0m wins round.
?[31m Round 7?[0m
?[32mEllie?[0m played ?[34mRosen ?[35mSechs?[0m to trick.
?[32mMax?[0m played ?[34mEichel ?[35mAcht?[0m to trick.
?[32mHans?[0m played ?[34mEichel ?[35mSieben?[0m to trick.
?[32mMichael?[0m played ?[34mSchilten ?[35mOber?[0m to trick.
?[34mRosen ?[35mSechs?[0m played by ?[32mEllie?[0m wins round.
?[31m Round 8?[0m
?[32mEllie?[0m played ?[34mSchellen ?[35mAcht?[0m to trick.
?[32mMax?[0m played ?[34mSchellen ?[35mSieben?[0m to trick.
?[32mHans?[0m played ?[34mSchilten ?[35mNeun?[0m to trick.
?[32mMichael?[0m played ?[34mSchellen ?[35mBanner?[0m to trick.
?[34mSchellen ?[35mBanner?[0m played by ?[32mMichael?[0m wins round.
?[31m Round 9?[0m
?[32mMichael?[0m played ?[34mSchilten ?[35mSieben?[0m to trick.
?[32mEllie?[0m played ?[34mSchellen ?[35mKönig?[0m to trick.
?[32mMax?[0m played ?[34mSchellen ?[35mNeun?[0m to trick.
?[32mHans?[0m played ?[34mEichel ?[35mUnter?[0m to trick.
?[34mSchilten ?[35mSieben?[0m played by ?[32mMichael?[0m wins round.
Team 1:(?[32mMichael?[0m, ?[32mMax?[0m) score=63 Team 2:(?[32mEllie?[0m, ?[32mHans?[0m) score=94
?[32mMax?[0m chooses mode 1
?[31m Round 1?[0m
?[32mMax?[0m played ?[34mSchellen ?[35mOber?[0m to trick.
?[32mHans?[0m played ?[34mSchellen ?[35mKönig?[0m to trick.
?[32mMichael?[0m played ?[34mSchellen ?[35mAcht?[0m to trick.
?[32mEllie?[0m played ?[34mSchellen ?[35mAss?[0m to trick.
?[34mSchellen ?[35mAss?[0m played by ?[32mEllie?[0m wins round.
?[31m Round 2?[0m
?[32mEllie?[0m played ?[34mEichel ?[35mKönig?[0m to trick.
?[32mMax?[0m played ?[34mEichel ?[35mAcht?[0m to trick.
?[32mHans?[0m played ?[34mEichel ?[35mSechs?[0m to trick.
?[32mMichael?[0m played ?[34mEichel ?[35mNeun?[0m to trick.
?[34mEichel ?[35mKönig?[0m played by ?[32mEllie?[0m wins round.
?[31m Round 3?[0m
?[32mEllie?[0m played ?[34mRosen ?[35mSieben?[0m to trick.
?[32mMax?[0m played ?[34mRosen ?[35mKönig?[0m to trick.
?[32mHans?[0m played ?[34mRosen ?[35mSechs?[0m to trick.
?[32mMichael?[0m played ?[34mRosen ?[35mAcht?[0m to trick.
?[34mRosen ?[35mKönig?[0m played by ?[32mMax?[0m wins round.
?[31m Round 4?[0m
?[32mMax?[0m played ?[34mEichel ?[35mUnter?[0m to trick.
?[32mHans?[0m played ?[34mEichel ?[35mOber?[0m to trick.
?[32mMichael?[0m played ?[34mEichel ?[35mAss?[0m to trick.
?[32mEllie?[0m played ?[34mEichel ?[35mSieben?[0m to trick.
?[34mEichel ?[35mAss?[0m played by ?[32mMichael?[0m wins round.
?[31m Round 5?[0m
?[32mMichael?[0m played ?[34mSchilten ?[35mBanner?[0m to trick.
?[32mEllie?[0m played ?[34mSchilten ?[35mAcht?[0m to trick.
?[32mMax?[0m played ?[34mSchilten ?[35mOber?[0m to trick.
?[32mHans?[0m played ?[34mSchilten ?[35mUnter?[0m to trick.
?[34mSchilten ?[35mOber?[0m played by ?[32mMax?[0m wins round.
?[31m Round 6?[0m
?[32mMax?[0m played ?[34mRosen ?[35mBanner?[0m to trick.
?[32mHans?[0m played ?[34mRosen ?[35mOber?[0m to trick.
?[32mMichael?[0m played ?[34mRosen ?[35mNeun?[0m to trick.
?[32mEllie?[0m played ?[34mRosen ?[35mUnter?[0m to trick.
?[34mRosen ?[35mOber?[0m played by ?[32mHans?[0m wins round.
?[31m Round 7?[0m
?[32mHans?[0m played ?[34mSchilten ?[35mNeun?[0m to trick.
?[32mMichael?[0m played ?[34mSchilten ?[35mSechs?[0m to trick.
?[32mEllie?[0m played ?[34mSchellen ?[35mSieben?[0m to trick.
?[32mMax?[0m played ?[34mRosen ?[35mAss?[0m to trick.
?[34mSchilten ?[35mNeun?[0m played by ?[32mHans?[0m wins round.
?[31m Round 8?[0m
?[32mHans?[0m played ?[34mSchilten ?[35mKönig?[0m to trick.
?[32mMichael?[0m played ?[34mSchilten ?[35mAss?[0m to trick.
?[32mEllie?[0m played ?[34mSchellen ?[35mUnter?[0m to trick.
?[32mMax?[0m played ?[34mEichel ?[35mBanner?[0m to trick.
?[34mSchilten ?[35mAss?[0m played by ?[32mMichael?[0m wins round.
?[31m Round 9?[0m
?[32mMichael?[0m played ?[34mSchellen ?[35mSechs?[0m to trick.
?[32mEllie?[0m played ?[34mSchellen ?[35mNeun?[0m to trick.
?[32mMax?[0m played ?[34mSchellen ?[35mBanner?[0m to trick.
?[32mHans?[0m played ?[34mSchilten ?[35mSieben?[0m to trick.
?[34mSchellen ?[35mBanner?[0m played by ?[32mMax?[0m wins round.
Team 1:(?[32mMichael?[0m, ?[32mMax?[0m) score=93 Team 2:(?[32mEllie?[0m, ?[32mHans?[0m) score=64
]]></system-out>
  <system-err><![CDATA[]]></system-err>
</testsuite>
